\BOOKMARK [0][-]{chapter.1}{Acknowledgement}{}% 1
\BOOKMARK [0][-]{chapter.2}{Introduction}{}% 2
\BOOKMARK [0][-]{chapter.3}{Vocabulary}{}% 3
\BOOKMARK [1][-]{section.3.1}{Vocabulary and Program}{chapter.3}% 4
\BOOKMARK [2][-]{subsection.3.1.1}{Vocabulary}{section.3.1}% 5
\BOOKMARK [2][-]{subsection.3.1.2}{Green Function}{section.3.1}% 6
\BOOKMARK [2][-]{subsection.3.1.3}{Program}{section.3.1}% 7
\BOOKMARK [0][-]{chapter.4}{Equilibrium System}{}% 8
\BOOKMARK [1][-]{section.4.1}{Equilibrium Statistical Mechanics}{chapter.4}% 9
\BOOKMARK [2][-]{subsection.4.1.1}{Summary 1}{section.4.1}% 10
\BOOKMARK [2][-]{subsection.4.1.2}{Week 1}{section.4.1}% 11
\BOOKMARK [2][-]{subsection.4.1.3}{Week 2}{section.4.1}% 12
\BOOKMARK [2][-]{subsection.4.1.4}{Week 3}{section.4.1}% 13
\BOOKMARK [2][-]{subsection.4.1.5}{Week 4}{section.4.1}% 14
\BOOKMARK [2][-]{subsection.4.1.6}{Week 5}{section.4.1}% 15
\BOOKMARK [2][-]{subsection.4.1.7}{Week 6}{section.4.1}% 16
\BOOKMARK [0][-]{chapter.5}{Nonequilibrium System}{}% 17
\BOOKMARK [1][-]{section.5.1}{Stochastic And Non-Equilibrium Statistical Mechanics}{chapter.5}% 18
\BOOKMARK [2][-]{subsection.5.1.1}{Week 7}{section.5.1}% 19
\BOOKMARK [2][-]{subsection.5.1.2}{Week 8}{section.5.1}% 20
\BOOKMARK [2][-]{subsection.5.1.3}{Week 9}{section.5.1}% 21
\BOOKMARK [2][-]{subsection.5.1.4}{Week 10}{section.5.1}% 22
\BOOKMARK [2][-]{subsection.5.1.5}{Week 11}{section.5.1}% 23
\BOOKMARK [2][-]{subsection.5.1.6}{Week 12}{section.5.1}% 24
\BOOKMARK [2][-]{subsection.5.1.7}{Effect of Defects}{section.5.1}% 25
\BOOKMARK [2][-]{subsection.5.1.8}{Quantum Master Equation}{section.5.1}% 26
\BOOKMARK [2][-]{subsection.5.1.9}{Brownian Motion}{section.5.1}% 27
\BOOKMARK [0][-]{section*.117}{Index}{}% 28
